10:40:11 **** Incremental Build of configuration Debug for project SERTS_Lab_11_ARM ****
make all 
'Building file: ../src/Thread.c'
'Invoking: Arm C Compiler 5'
armcc.exe --cpu=Cortex-M4.fp.sp --littleend -DHSE_VALUE="8000000" -DUSE_HAL_DRIVER -DSTM32F407xx -DUSE_STM32F4_DISCO -DARM_MATH_CM4 -D_RTE_ -DSTM32F407xx -I"C:/Users/peter/AppData/Local/Arm/Packs/ARM/CMSIS/5.7.0/CMSIS/Core/Include" -I"C:/Users/peter/AppData/Local/Arm/Packs/ARM/CMSIS/5.7.0/CMSIS/DSP/Include" -I"C:/Users/peter/AppData/Local/Arm/Packs/ARM/CMSIS/5.7.0/CMSIS/Driver/Include" -I"C:/Users/peter/AppData/Local/Arm/Packs/ARM/CMSIS/5.7.0/CMSIS/RTOS/RTX/INC" -I"C:/Users/peter/AppData/Local/Arm/Packs/ARM/CMSIS/5.7.0/CMSIS/RTOS/RTX/SRC/ARM" -I"C:/Users/peter/AppData/Local/Arm/Packs/ARM/CMSIS/5.7.0/CMSIS/RTOS/RTX/UserCodeTemplates" -I"C:/Users/peter/AppData/Local/Arm/Packs/Keil/MDK-Middleware/7.12.0/Board" -I"C:/Users/peter/AppData/Local/Arm/Packs/Keil/MDK-Middleware/7.12.0/FileSystem/Include" -I"C:/Users/peter/AppData/Local/Arm/Packs/Keil/MDK-Middleware/7.12.0/USB/Include" -I"C:/Users/peter/AppData/Local/Arm/Packs/Keil/STM32F4xx_DFP/2.15.0/Drivers/CMSIS/Device/ST/STM32F4xx/Include" -I"C:/Users/peter/AppData/Local/Arm/Packs/Keil/STM32F4xx_DFP/2.15.0/Drivers/STM32F4xx_HAL_Driver/Inc" -I"C:/Users/peter/AppData/Local/Arm/Packs/Keil/STM32F4xx_DFP/2.15.0/MDK/Device/Source/ARM" -I"C:/Users/peter/AppData/Local/Arm/Packs/Keil/STM32F4xx_DFP/2.15.0/MDK/Templates/Inc" -I"C:/Users/peter/AppData/Local/Arm/Packs/Keil/STM32F4xx_DFP/2.15.0/MDK/Templates_LL/Inc" -I"C:\Users\peter\Development Studio Workspace\SERTS_Lab_11_ARM/RTE" -I"C:\Users\peter\Development Studio Workspace\SERTS_Lab_11_ARM/RTE/Device/STM32F407VGTx" -I"C:\Users\peter\Development Studio Workspace\SERTS_Lab_11_ARM/RTE/File_System" -I"C:\Users\peter\Development Studio Workspace\SERTS_Lab_11_ARM/RTE/USB" --c99 -O0 -g --split_sections --md --depend_format=unix_escaped --no_depend_system_headers --depend_dir="src" -c -o "src/Thread.o" "../src/Thread.c"
"../src/Thread.c", line 86: Warning:  #177-D: variable "rd"  was declared but never referenced
  	size_t rd;
  	       ^
"../src/Thread.c", line 87: Warning:  #177-D: variable "i"  was declared but never referenced
  	uint32_t i; // loop counter
  	         ^
"../src/Thread.c", line 89: Warning:  #177-D: variable "rdnum"  was declared but never referenced
  	uint8_t rdnum = 1; // read buffer number
  	        ^
"../src/Thread.c", line 90: Warning:  #177-D: variable "Fs"  was declared but never referenced
  	float32_t Fs;
  	          ^
../src/Thread.c: 4 warnings, 0 errors
'Finished building: ../src/Thread.c'
' '
'Building target: SERTS_Lab_11_ARM.axf'
'Invoking: Arm Linker 5'
armlink.exe --cpu=Cortex-M4.fp.sp --entry=Reset_Handler --scatter="C:\Users\peter\Development Studio Workspace\SERTS_Lab_11_ARM/STM32F407VGTx.sct" --info=sizes --strict -o "SERTS_Lab_11_ARM.axf"  ./src/Thread.o ./src/UART_driver.o ./src/cs43l22.o ./src/main.o ./src/stm32f4_discovery.o ./src/stm32f4_discovery_audio.o ./src/stm32f4xx_it.o  ./RTE/USB/USBH_Config_0.o  ./RTE/File_System/FS_Config.o  ./RTE/Device/STM32F407VGTx/startup_stm32f407xx.o ./RTE/Device/STM32F407VGTx/stm32f4xx_hal.o ./RTE/Device/STM32F407VGTx/stm32f4xx_hal_cortex.o ./RTE/Device/STM32F407VGTx/stm32f4xx_hal_dma.o ./RTE/Device/STM32F407VGTx/stm32f4xx_hal_dma_ex.o ./RTE/Device/STM32F407VGTx/stm32f4xx_hal_gpio.o ./RTE/Device/STM32F407VGTx/stm32f4xx_hal_i2c.o ./RTE/Device/STM32F407VGTx/stm32f4xx_hal_i2s.o ./RTE/Device/STM32F407VGTx/stm32f4xx_hal_i2s_ex.o ./RTE/Device/STM32F407VGTx/stm32f4xx_hal_pwr.o ./RTE/Device/STM32F407VGTx/stm32f4xx_hal_pwr_ex.o ./RTE/Device/STM32F407VGTx/stm32f4xx_hal_rcc.o ./RTE/Device/STM32F407VGTx/stm32f4xx_hal_rcc_ex.o ./RTE/Device/STM32F407VGTx/stm32f4xx_hal_spi.o ./RTE/Device/STM32F407VGTx/stm32f4xx_hal_usart.o ./RTE/Device/STM32F407VGTx/system_stm32f4xx.o  ./RTE/Compiler/retarget_io.o  ./RTE/CMSIS_Driver/OTG_FS_STM32F4xx.o ./RTE/CMSIS_Driver/USART_STM32F4xx.o ./RTE/CMSIS_Driver/USBH_FS_STM32F4xx.o  ./RTE/CMSIS/RTX_Conf_CM.o  ./RTE/Board_Support/LED_F4Discovery.o   "C:/Users/peter/AppData/Local/Arm/Packs/ARM/CMSIS/5.7.0/CMSIS/DSP/Lib/ARM/arm_cortexM4lf_math.lib" "C:/Users/peter/AppData/Local/Arm/Packs/ARM/CMSIS/5.7.0/CMSIS/RTOS/RTX/LIB/ARM/RTX_CM4.lib" "C:/Users/peter/AppData/Local/Arm/Packs/Keil/MDK-Middleware/7.12.0/FileSystem/Lib/ARM/FS_LFN_CM3_L.lib" "C:/Users/peter/AppData/Local/Arm/Packs/Keil/MDK-Middleware/7.12.0/USB/Lib/ARM/USB_CM3_L.lib" "C:/Users/peter/Development Studio Workspace/SERTS_Lab_11_ARM/src/libPDMFilter_CM4_Keil.lib"

==============================================================================

Image component sizes


      Code (inc. data)   RO Data    RW Data    ZI Data      Debug   Object Name

       228          8         40          4       5440      28318   FS_Config.o
        76          8          0          0          0       1513   LED_F4Discovery.o
       846         94          0          1          0       5614   OTG_FS_STM32F4xx.o
       218         48        104         20      25936      12126   RTX_Conf_CM.o
       506         84         28         21       8212     714273   Thread.o
       260         46         16         48          0       3121   UART_driver.o
      5624        222        136          0         56      59893   USART_STM32F4xx.o
       612         18        132         52        852      38131   USBH_Config_0.o
      3680        292         80         43        256      52648   USBH_FS_STM32F4xx.o
       906         26          0         50          0       9117   cs43l22.o
       234         18          0          0          0       2639   main.o
       400         24         23          0          0       6750   retarget_io.o
        64         26        392          0       1536        888   startup_stm32f407xx.o
       526         52          0         28        172       6679   stm32f4_discovery.o
       874        104         96          6        388       9525   stm32f4_discovery_audio.o
       178         24          0          9          0      10094   stm32f4xx_hal.o
       356         28          0          0          0      35941   stm32f4xx_hal_cortex.o
      1506         16          8          0          0       7896   stm32f4xx_hal_dma.o
       926         90          0          0          0       5681   stm32f4xx_hal_gpio.o
      2928         46          0          0          0      15400   stm32f4xx_hal_i2c.o
      1142         30          0          0          0       8355   stm32f4xx_hal_i2s.o
       912         26          0          0          0       5227   stm32f4xx_hal_i2s_ex.o
      1768         74          0          0          0       5565   stm32f4xx_hal_rcc.o
       616         44          0          0          0       3216   stm32f4xx_hal_rcc_ex.o
        72          8          0          0          0       4939   stm32f4xx_it.o
       100         18         24          4          0       1387   system_stm32f4xx.o

    ----------------------------------------------------------------------
     25602       1474       1112        300      42848    1054936   Object Totals
         0          0         32          0          0          0   (incl. Generated)
        44          0          1         14          0          0   (incl. Padding)

    ----------------------------------------------------------------------

      Code (inc. data)   RO Data    RW Data    ZI Data      Debug   Library Member Name

       234         20          0          1          0        420   fs_common.o
      8346        148       1196          0          0       4796   fs_fat.o
       326         44          0          1          0        320   fs_mapi.o
       780         56          0          0          0        492   fs_sys.o
        26          0          0          0          0         68   fs_time.o
       268         24          0          1          0       4440   hal_cm.o
       408         34          0          0          0        812   hal_cm4.o
      2444        268          0          8          0      59594   rt_cmsis.o
       272         18          0          0          0       2798   rt_event.o
       530         34          0          0         48       8589   rt_list.o
       706         14          0          0          0       5055   rt_mailbox.o
       140          0          0          0          0       2033   rt_membox.o
       128          0          0          0          0       2411   rt_memory.o
       528         22          0          0          0       3009   rt_mutex.o
       278         18          0          0          0       3770   rt_semaphore.o
       298         52          0          8          0       6427   rt_system.o
      1216        174          0          8         52      10017   rt_task.o
         6          0          0          4          0        684   rt_time.o
         4          4          0          0          0        196   svc_table.o
         0          0          4          0          0          0   usb_lib_ver.o
      7284        326          0          0          0       2844   usbh_lib_core.o
      1612        130          0          0          0       1476   usbh_lib_drv.o
       256         34          0          0          0        368   usbh_lib_mem.o
      3226        142          0          0          0       2000   usbh_lib_msc.o
        90          0          0          0          0          0   __dczerorl2.o
         8          0          0          0          0         68   __main.o
         0          0          0          0          0          0   __rtentry.o
        20          0          0          0          0          0   __rtentry2.o
         6          0          0          0          0          0   __rtentry4.o
        52          8          0          0          0          0   __scatter.o
        28          0          0          0          0          0   __scatter_zi.o
        10          0          0          0          0         68   defsig_exit.o
        50          0          0          0          0         88   defsig_general.o
        80         58          0          0          0         76   defsig_rtmem_inner.o
        14          0          0          0          0         80   defsig_rtmem_outer.o
        52         38          0          0          0         76   defsig_rtred_inner.o
        14          0          0          0          0         80   defsig_rtred_outer.o
        18          0          0          0          0         80   exit.o
        76          0          0          0          0         88   fclose.o
        52          6          0          0          0         80   fclose_locked.o
       144         10          0          0          0        128   fflush_locked.o
       570          0          0          0          0        132   filbuf.o
        92          8          0          0          0         88   flushlinebuffered_locked.o
       324          8          0          0          0        152   fopen_locked.o
       306          0          0          0          0         96   freadfast_locked.o
       248          6          0          0          0         84   fseek.o
        66          0          0          0          0         76   ftell.o
       158          0          0          0          0        128   h1_alloc_mt.o
        62          0          0          0          0         80   h1_extend_mt.o
       118          0          0          0          0        108   h1_free_mt.o
        18          0          0          0          0         84   h1_init_mt.o
         6          0          0          0          0        152   heapauxi.o
         4          0          0          0          0        136   hguard.o
         0          0          0          0          0          0   indicate_semi.o
       138          0          0          0          0        168   init_alloc.o
       456         48          0          0          0        116   initio_locked.o
        44         10        272          0          0         76   lc_ctype_c.o
         2          0          0          0          0          0   libinit.o
        36          0          0          0          0          0   libinit2.o
         2          0          0          0          0          0   libshutdown.o
         6          0          0          0          0          0   libshutdown2.o
         8          4          0          0         96         68   libspace.o
       238          0          0          0          0        100   lludivv7m.o
         0          0          0          0          0          0   maybetermalloc1.o
        16          4          0          0          0         76   rt_ctype_table.o
         4          0          0          0          0         68   rt_errno_addr_twolibspace.o
        10          0          0          0          0         76   rt_heap_descriptor_twolibspace.o
        10          0          0          0          0         76   rt_locale_twolibspace.o
        68          0          0          0          0         68   rt_memclr.o
        78          0          0          0          0         80   rt_memclr_w.o
       138          0          0          0          0         68   rt_memcpy_v6.o
       100          0          0          0          0         80   rt_memcpy_w.o
         2          0          0          0          0          0   rtexit.o
        10          0          0          0          0          0   rtexit2.o
       104          0          0          0          0         88   setvbuf_locked.o
       240          6          0          0          0        156   stdio.o
         0          0          0         12        252          0   stdio_streams.o
       128          0          0          0          0         68   strcmpv7m.o
         0          0          0          4          0          0   streamlock.o
        62          0          0          0          0         76   strlen.o
        50          0          0          0          0         84   strncasecmp.o
        12          4          0          0          0         68   sys_exit.o
        74          0          0          0          0         80   sys_stackheap_outer.o
        14          0          0          0          0         76   sys_wrch.o
        26          0          0          0          0         76   tolower.o
         2          0          0          0          0         68   use_no_semi.o
        10          0          0          0          0        116   fpinit.o

    ----------------------------------------------------------------------
     34138       1780       1472         52        448     126923   Library Totals
        48          0          0          5          0          0   (incl. Padding)

    ----------------------------------------------------------------------

      Code (inc. data)   RO Data    RW Data    ZI Data      Debug   Library Name

      9712        268       1196          2          0       6096   FS_LFN_CM3_L.lib
      7226        662          0         29        100     109835   RTX_CM4.lib
     12378        632          4          0          0       6688   USB_CM3_L.lib
      4764        218        272         16        348       4188   c_w.l
        10          0          0          0          0        116   fz_wm.l

    ----------------------------------------------------------------------
     34138       1780       1472         52        448     126923   Library Totals

    ----------------------------------------------------------------------

==============================================================================


      Code (inc. data)   RO Data    RW Data    ZI Data      Debug   

     59740       3254       2584        352      43296    1135219   Grand Totals
     59740       3254       2584        104      43296    1135219   ELF Image Totals (compressed)
     59740       3254       2584        104          0          0   ROM Totals

==============================================================================

    Total RO  Size (Code + RO Data)                62324 (  60.86kB)
    Total RW  Size (RW Data + ZI Data)             43648 (  42.63kB)
    Total ROM Size (Code + RO Data + RW Data)      62428 (  60.96kB)

==============================================================================

'Finished building target: SERTS_Lab_11_ARM.axf'
' '
14:08:12 **** Updating project SERTS_Lab_11_ARM
Project updated successfully

14:08:13 **** Updating project SERTS_Lab_10_ARM
Project updated successfully

14:08:13 **** Updating project SERTS_Lab_9_ARM
Project updated successfully

14:52:23 **** Updating project SERTS_Project_ARM
Project update failed
Error updating RTE project

14:53:32 **** Updating project SERTS_Lab_10_ARM
Project updated successfully

14:53:33 **** Updating project SERTS_Lab_11_ARM
Project updated successfully

14:53:33 **** Updating project SERTS_Lab_9_ARM
Project updated successfully

14:53:33 **** Updating project SERTS_Project_ARM
Project updated successfully

